<?xml version="1.0" encoding="UTF-8"?>
<!-- Generated by org.testng.reporters.JUnitReportReporter -->
<testsuite hostname="SAG-D9RC0F3" failures="0" tests="4" name="cucumberOptions.TestNGTestRunner" time="115.325" errors="0" timestamp="2023-02-01T06:41:58 IST" skipped="0">
  <testcase classname="cucumberOptions.TestNGTestRunner" name="runScenario" time="44.526"/>
  <system-out/>
  <testcase classname="cucumberOptions.TestNGTestRunner" name="runScenario" time="24.840"/>
  <system-out/>
  <testcase classname="cucumberOptions.TestNGTestRunner" name="runScenario" time="21.375"/>
  <system-out/>
  <testcase classname="cucumberOptions.TestNGTestRunner" name="runScenario" time="24.584"/>
  <system-out/>
</testsuite> <!-- cucumberOptions.TestNGTestRunner -->
