<?xml version="1.0" encoding="UTF-8"?>
<!-- Generated by org.testng.reporters.JUnitReportReporter -->
<testsuite hostname="SAG-D9RC0F3" failures="0" tests="4" name="cucumberOptions.TestNGTestRunner" time="92.369" errors="0" timestamp="2023-02-01T10:25:10 IST" skipped="0">
  <testcase classname="cucumberOptions.TestNGTestRunner" name="runScenario" time="12.347"/>
  <system-out/>
  <testcase classname="cucumberOptions.TestNGTestRunner" name="runScenario" time="23.095"/>
  <system-out/>
  <testcase classname="cucumberOptions.TestNGTestRunner" name="runScenario" time="22.764"/>
  <system-out/>
  <testcase classname="cucumberOptions.TestNGTestRunner" name="runScenario" time="34.163"/>
  <system-out/>
</testsuite> <!-- cucumberOptions.TestNGTestRunner -->
