<?xml version="1.0" encoding="UTF-8"?>
<!-- Generated by org.testng.reporters.JUnitReportReporter -->
<testsuite hostname="SAG-D9RC0F3" failures="0" tests="4" name="cucumberOptions.TestNGTestRunner" time="96.054" errors="0" timestamp="2023-02-01T06:49:52 IST" skipped="0">
  <testcase classname="cucumberOptions.TestNGTestRunner" name="runScenario" time="22.973"/>
  <system-out/>
  <testcase classname="cucumberOptions.TestNGTestRunner" name="runScenario" time="37.537"/>
  <system-out/>
  <testcase classname="cucumberOptions.TestNGTestRunner" name="runScenario" time="13.754"/>
  <system-out/>
  <testcase classname="cucumberOptions.TestNGTestRunner" name="runScenario" time="21.790"/>
  <system-out/>
</testsuite> <!-- cucumberOptions.TestNGTestRunner -->
